<?xml version="1.0" encoding="UTF-8"?>
<testng-results ignored="0" total="1" passed="1" failed="0" skipped="0">
  <reporter-output>
  </reporter-output>
  <suite started-at="2022-12-26T16:34:37 IST" name="Default suite" finished-at="2022-12-26T16:34:51 IST" duration-ms="13995">
    <groups>
    </groups>
    <test started-at="2022-12-26T16:34:37 IST" name="Default test" finished-at="2022-12-26T16:34:51 IST" duration-ms="13995">
      <class name="Dynamic_Json">
        <test-method signature="addBook(java.lang.String,java.lang.String)[pri:0, instance:Dynamic_Json@3ce1e309]" started-at="2022-12-26T16:34:38 IST" name="addBook" data-provider="BookData" finished-at="2022-12-26T16:34:51 IST" duration-ms="13801" status="PASS">
          <params>
            <param index="0">
              <value>
                <![CDATA[Utkarsh]]>
              </value>
            </param>
            <param index="1">
              <value>
                <![CDATA[69645869]]>
              </value>
            </param>
          </params>
          <reporter-output>
          </reporter-output>
        </test-method> <!-- addBook -->
      </class> <!-- Dynamic_Json -->
    </test> <!-- Default test -->
  </suite> <!-- Default suite -->
</testng-results>
